<?xml version="1.0" encoding="UTF-8"?>
<!-- Generated by org.testng.reporters.JUnitReportReporter -->
<testsuite hostname="Mahesh" name="myPack.Sreedhar" tests="4" failures="0" timestamp="4 Jan 2021 07:09:47 GMT" time="45.195" errors="0">
  <testcase name="verifyLogin" time="12.721" classname="myPack.Sreedhar"/>
  <testcase name="deleteEmp" time="0.001" classname="myPack.Sreedhar"/>
  <testcase name="addEmp" time="32.473" classname="myPack.Sreedhar"/>
  <testcase name="editEmp" time="0.000" classname="myPack.Sreedhar"/>
</testsuite> <!-- myPack.Sreedhar -->
